{"meta": {"format": 3, "version": "7.9.2", "timestamp": "2025-07-10T05:59:31.756508", "branch_coverage": false, "show_contexts": false}, "files": {"custom_components/satcom_forecast/__init__.py": {"executed_lines": [1, 3], "summary": {"covered_lines": 2, "num_statements": 50, "percent_covered": 4.0, "percent_covered_display": "4", "missing_lines": 48, "excluded_lines": 0}, "missing_lines": [4, 5, 7, 8, 10, 14, 17, 18, 21, 23, 25, 27, 28, 29, 30, 31, 33, 35, 36, 37, 38, 39, 41, 44, 46, 47, 48, 49, 51, 52, 53, 54, 57, 59, 60, 62, 63, 64, 66, 67, 69, 71, 74, 76, 77, 80, 82, 83], "excluded_lines": [], "functions": {"async_setup": {"executed_lines": [], "summary": {"covered_lines": 0, "num_statements": 1, "percent_covered": 0.0, "percent_covered_display": "0", "missing_lines": 1, "excluded_lines": 0}, "missing_lines": [18], "excluded_lines": []}, "async_migrate_entry": {"executed_lines": [], "summary": {"covered_lines": 0, "num_statements": 14, "percent_covered": 0.0, "percent_covered_display": "0", "missing_lines": 14, "excluded_lines": 0}, "missing_lines": [23, 25, 27, 28, 29, 30, 31, 33, 35, 36, 37, 38, 39, 41], "excluded_lines": []}, "async_setup_entry": {"executed_lines": [], "summary": {"covered_lines": 0, "num_statements": 11, "percent_covered": 0.0, "percent_covered_display": "0", "missing_lines": 11, "excluded_lines": 0}, "missing_lines": [46, 47, 48, 49, 51, 52, 53, 54, 57, 69, 71], "excluded_lines": []}, "async_setup_entry.set_debug_logging": {"executed_lines": [], "summary": {"covered_lines": 0, "num_statements": 7, "percent_covered": 0.0, "percent_covered_display": "0", "missing_lines": 7, "excluded_lines": 0}, "missing_lines": [59, 60, 62, 63, 64, 66, 67], "excluded_lines": []}, "async_unload_entry": {"executed_lines": [], "summary": {"covered_lines": 0, "num_statements": 2, "percent_covered": 0.0, "percent_covered_display": "0", "missing_lines": 2, "excluded_lines": 0}, "missing_lines": [76, 77], "excluded_lines": []}, "async_reload_entry": {"executed_lines": [], "summary": {"covered_lines": 0, "num_statements": 2, "percent_covered": 0.0, "percent_covered_display": "0", "missing_lines": 2, "excluded_lines": 0}, "missing_lines": [82, 83], "excluded_lines": []}, "": {"executed_lines": [1, 3], "summary": {"covered_lines": 2, "num_statements": 13, "percent_covered": 15.384615384615385, "percent_covered_display": "15", "missing_lines": 11, "excluded_lines": 0}, "missing_lines": [4, 5, 7, 8, 10, 14, 17, 21, 44, 74, 80], "excluded_lines": []}}, "classes": {"": {"executed_lines": [1, 3], "summary": {"covered_lines": 2, "num_statements": 50, "percent_covered": 4.0, "percent_covered_display": "4", "missing_lines": 48, "excluded_lines": 0}, "missing_lines": [4, 5, 7, 8, 10, 14, 17, 18, 21, 23, 25, 27, 28, 29, 30, 31, 33, 35, 36, 37, 38, 39, 41, 44, 46, 47, 48, 49, 51, 52, 53, 54, 57, 59, 60, 62, 63, 64, 66, 67, 69, 71, 74, 76, 77, 80, 82, 83], "excluded_lines": []}}}, "custom_components/satcom_forecast/config_flow.py": {"executed_lines": [], "summary": {"covered_lines": 0, "num_statements": 144, "percent_covered": 0.0, "percent_covered_display": "0", "missing_lines": 144, "excluded_lines": 0}, "missing_lines": [1, 2, 3, 5, 6, 7, 8, 10, 12, 15, 19, 20, 21, 22, 23, 24, 26, 28, 31, 32, 33, 34, 37, 38, 40, 41, 43, 44, 46, 47, 49, 50, 53, 62, 63, 64, 65, 66, 67, 69, 71, 74, 75, 76, 77, 81, 83, 84, 86, 87, 90, 91, 92, 94, 95, 96, 98, 101, 102, 103, 105, 114, 115, 116, 117, 119, 120, 121, 123, 124, 125, 127, 143, 145, 148, 150, 152, 162, 163, 164, 166, 171, 173, 193, 202, 203, 204, 208, 211, 214, 216, 218, 222, 224, 225, 227, 229, 232, 235, 238, 241, 245, 246, 247, 248, 249, 251, 253, 254, 257, 258, 260, 262, 265, 268, 271, 274, 278, 288, 289, 290, 291, 299, 300, 301, 302, 305, 308, 309, 311, 316, 317, 319, 320, 327, 329, 330, 332, 336, 339, 342, 343, 344, 347], "excluded_lines": [], "functions": {"get_imap_folders": {"executed_lines": [], "summary": {"covered_lines": 0, "num_statements": 22, "percent_covered": 0.0, "percent_covered_display": "0", "missing_lines": 22, "excluded_lines": 0}, "missing_lines": [19, 20, 21, 22, 23, 24, 26, 28, 31, 32, 33, 34, 37, 38, 40, 41, 43, 44, 46, 47, 49, 50], "excluded_lines": []}, "validate_imap_folder": {"executed_lines": [], "summary": {"covered_lines": 0, "num_statements": 17, "percent_covered": 0.0, "percent_covered_display": "0", "missing_lines": 17, "excluded_lines": 0}, "missing_lines": [62, 63, 64, 65, 66, 67, 69, 71, 74, 75, 76, 77, 81, 83, 84, 86, 87], "excluded_lines": []}, "SatcomForecastConfigFlow.__init__": {"executed_lines": [], "summary": {"covered_lines": 0, "num_statements": 2, "percent_covered": 0.0, "percent_covered_display": "0", "missing_lines": 2, "excluded_lines": 0}, "missing_lines": [95, 96], "excluded_lines": []}, "SatcomForecastConfigFlow.async_step_user": {"executed_lines": [], "summary": {"covered_lines": 0, "num_statements": 16, "percent_covered": 0.0, "percent_covered_display": "0", "missing_lines": 16, "excluded_lines": 0}, "missing_lines": [101, 102, 103, 105, 114, 115, 116, 117, 119, 120, 121, 123, 124, 125, 127, 143], "excluded_lines": []}, "SatcomForecastConfigFlow.async_step_finalize": {"executed_lines": [], "summary": {"covered_lines": 0, "num_statements": 10, "percent_covered": 0.0, "percent_covered_display": "0", "missing_lines": 10, "excluded_lines": 0}, "missing_lines": [148, 150, 152, 162, 163, 164, 166, 171, 173, 193], "excluded_lines": []}, "SatcomForecastConfigFlow.async_get_options_flow": {"executed_lines": [], "summary": {"covered_lines": 0, "num_statements": 1, "percent_covered": 0.0, "percent_covered_display": "0", "missing_lines": 1, "excluded_lines": 0}, "missing_lines": [208], "excluded_lines": []}, "SatcomForecastOptionsFlow.__init__": {"executed_lines": [], "summary": {"covered_lines": 0, "num_statements": 1, "percent_covered": 0.0, "percent_covered_display": "0", "missing_lines": 1, "excluded_lines": 0}, "missing_lines": [216], "excluded_lines": []}, "SatcomForecastOptionsFlow.async_step_init": {"executed_lines": [], "summary": {"covered_lines": 0, "num_statements": 46, "percent_covered": 0.0, "percent_covered_display": "0", "missing_lines": 46, "excluded_lines": 0}, "missing_lines": [222, 224, 225, 227, 229, 232, 235, 238, 241, 245, 246, 247, 248, 249, 251, 253, 254, 257, 258, 260, 262, 265, 268, 271, 274, 278, 288, 289, 290, 291, 299, 300, 301, 302, 305, 308, 309, 311, 316, 317, 319, 320, 327, 329, 330, 332], "excluded_lines": []}, "SatcomForecastOptionsFlow._get_schema": {"executed_lines": [], "summary": {"covered_lines": 0, "num_statements": 5, "percent_covered": 0.0, "percent_covered_display": "0", "missing_lines": 5, "excluded_lines": 0}, "missing_lines": [339, 342, 343, 344, 347], "excluded_lines": []}, "": {"executed_lines": [], "summary": {"covered_lines": 0, "num_statements": 24, "percent_covered": 0.0, "percent_covered_display": "0", "missing_lines": 24, "excluded_lines": 0}, "missing_lines": [1, 2, 3, 5, 6, 7, 8, 10, 12, 15, 53, 90, 91, 92, 94, 98, 145, 202, 203, 204, 211, 214, 218, 336], "excluded_lines": []}}, "classes": {"SatcomForecastConfigFlow": {"executed_lines": [], "summary": {"covered_lines": 0, "num_statements": 29, "percent_covered": 0.0, "percent_covered_display": "0", "missing_lines": 29, "excluded_lines": 0}, "missing_lines": [95, 96, 101, 102, 103, 105, 114, 115, 116, 117, 119, 120, 121, 123, 124, 125, 127, 143, 148, 150, 152, 162, 163, 164, 166, 171, 173, 193, 208], "excluded_lines": []}, "SatcomForecastOptionsFlow": {"executed_lines": [], "summary": {"covered_lines": 0, "num_statements": 52, "percent_covered": 0.0, "percent_covered_display": "0", "missing_lines": 52, "excluded_lines": 0}, "missing_lines": [216, 222, 224, 225, 227, 229, 232, 235, 238, 241, 245, 246, 247, 248, 249, 251, 253, 254, 257, 258, 260, 262, 265, 268, 271, 274, 278, 288, 289, 290, 291, 299, 300, 301, 302, 305, 308, 309, 311, 316, 317, 319, 320, 327, 329, 330, 332, 339, 342, 343, 344, 347], "excluded_lines": []}, "": {"executed_lines": [], "summary": {"covered_lines": 0, "num_statements": 63, "percent_covered": 0.0, "percent_covered_display": "0", "missing_lines": 63, "excluded_lines": 0}, "missing_lines": [1, 2, 3, 5, 6, 7, 8, 10, 12, 15, 19, 20, 21, 22, 23, 24, 26, 28, 31, 32, 33, 34, 37, 38, 40, 41, 43, 44, 46, 47, 49, 50, 53, 62, 63, 64, 65, 66, 67, 69, 71, 74, 75, 76, 77, 81, 83, 84, 86, 87, 90, 91, 92, 94, 98, 145, 202, 203, 204, 211, 214, 218, 336], "excluded_lines": []}}}, "custom_components/satcom_forecast/const.py": {"executed_lines": [], "summary": {"covered_lines": 0, "num_statements": 9, "percent_covered": 0.0, "percent_covered_display": "0", "missing_lines": 9, "excluded_lines": 0}, "missing_lines": [1, 2, 3, 4, 5, 6, 7, 8, 9], "excluded_lines": [], "functions": {"": {"executed_lines": [], "summary": {"covered_lines": 0, "num_statements": 9, "percent_covered": 0.0, "percent_covered_display": "0", "missing_lines": 9, "excluded_lines": 0}, "missing_lines": [1, 2, 3, 4, 5, 6, 7, 8, 9], "excluded_lines": []}}, "classes": {"": {"executed_lines": [], "summary": {"covered_lines": 0, "num_statements": 9, "percent_covered": 0.0, "percent_covered_display": "0", "missing_lines": 9, "excluded_lines": 0}, "missing_lines": [1, 2, 3, 4, 5, 6, 7, 8, 9], "excluded_lines": []}}}, "custom_components/satcom_forecast/coordinator.py": {"executed_lines": [], "summary": {"covered_lines": 0, "num_statements": 81, "percent_covered": 0.0, "percent_covered_display": "0", "missing_lines": 81, "excluded_lines": 19}, "missing_lines": [1, 3, 4, 5, 7, 8, 9, 10, 11, 12, 24, 30, 32, 33, 58, 60, 63, 68, 70, 71, 77, 80, 87, 88, 95, 97, 99, 101, 110, 114, 115, 116, 118, 119, 128, 130, 135, 136, 142, 145, 147, 149, 150, 156, 159, 161, 162, 168, 171, 172, 173, 178, 179, 184, 186, 193, 198, 201, 202, 203, 211, 224, 225, 226, 232, 234, 241, 243, 244, 245, 246, 248, 255, 257, 261, 268, 269, 274, 276, 277, 278], "excluded_lines": [26, 36, 38, 39, 40, 41, 42, 43, 44, 45, 46, 47, 48, 49, 50, 51, 52, 53, 54], "functions": {"SatcomForecastCoordinator.__init__": {"executed_lines": [], "summary": {"covered_lines": 0, "num_statements": 7, "percent_covered": 0.0, "percent_covered_display": "0", "missing_lines": 7, "excluded_lines": 0}, "missing_lines": [70, 71, 77, 80, 87, 88, 95], "excluded_lines": []}, "SatcomForecastCoordinator._async_update_data": {"executed_lines": [], "summary": {"covered_lines": 0, "num_statements": 55, "percent_covered": 0.0, "percent_covered_display": "0", "missing_lines": 55, "excluded_lines": 0}, "missing_lines": [99, 101, 110, 114, 115, 116, 118, 119, 128, 130, 135, 136, 142, 145, 147, 149, 150, 156, 159, 161, 162, 168, 171, 172, 173, 178, 179, 184, 186, 193, 198, 201, 202, 203, 211, 224, 225, 226, 232, 234, 241, 243, 244, 245, 246, 248, 255, 257, 261, 268, 269, 274, 276, 277, 278], "excluded_lines": []}, "": {"executed_lines": [], "summary": {"covered_lines": 0, "num_statements": 19, "percent_covered": 0.0, "percent_covered_display": "0", "missing_lines": 19, "excluded_lines": 19}, "missing_lines": [1, 3, 4, 5, 7, 8, 9, 10, 11, 12, 24, 30, 32, 33, 58, 60, 63, 68, 97], "excluded_lines": [26, 36, 38, 39, 40, 41, 42, 43, 44, 45, 46, 47, 48, 49, 50, 51, 52, 53, 54]}}, "classes": {"SatcomForecastCoordinator": {"executed_lines": [], "summary": {"covered_lines": 0, "num_statements": 62, "percent_covered": 0.0, "percent_covered_display": "0", "missing_lines": 62, "excluded_lines": 0}, "missing_lines": [70, 71, 77, 80, 87, 88, 95, 99, 101, 110, 114, 115, 116, 118, 119, 128, 130, 135, 136, 142, 145, 147, 149, 150, 156, 159, 161, 162, 168, 171, 172, 173, 178, 179, 184, 186, 193, 198, 201, 202, 203, 211, 224, 225, 226, 232, 234, 241, 243, 244, 245, 246, 248, 255, 257, 261, 268, 269, 274, 276, 277, 278], "excluded_lines": []}, "": {"executed_lines": [], "summary": {"covered_lines": 0, "num_statements": 19, "percent_covered": 0.0, "percent_covered_display": "0", "missing_lines": 19, "excluded_lines": 19}, "missing_lines": [1, 3, 4, 5, 7, 8, 9, 10, 11, 12, 24, 30, 32, 33, 58, 60, 63, 68, 97], "excluded_lines": [26, 36, 38, 39, 40, 41, 42, 43, 44, 45, 46, 47, 48, 49, 50, 51, 52, 53, 54]}}}, "custom_components/satcom_forecast/forecast_fetcher.py": {"executed_lines": [], "summary": {"covered_lines": 0, "num_statements": 73, "percent_covered": 0.0, "percent_covered_display": "0", "missing_lines": 73, "excluded_lines": 0}, "missing_lines": [1, 2, 4, 5, 6, 9, 10, 11, 12, 14, 17, 25, 29, 36, 37, 38, 40, 41, 42, 43, 46, 47, 48, 49, 53, 54, 57, 59, 60, 61, 69, 71, 74, 77, 78, 79, 80, 81, 83, 86, 87, 89, 90, 91, 92, 94, 95, 98, 99, 100, 106, 107, 108, 109, 110, 111, 112, 114, 116, 117, 118, 119, 120, 121, 122, 123, 124, 125, 126, 127, 128, 129, 130], "excluded_lines": [], "functions": {"fetch_forecast": {"executed_lines": [], "summary": {"covered_lines": 0, "num_statements": 62, "percent_covered": 0.0, "percent_covered_display": "0", "missing_lines": 62, "excluded_lines": 0}, "missing_lines": [25, 29, 36, 37, 38, 40, 41, 42, 43, 46, 47, 48, 49, 53, 54, 57, 59, 60, 61, 69, 71, 74, 77, 78, 79, 80, 81, 83, 86, 87, 89, 90, 91, 92, 94, 95, 98, 99, 100, 106, 107, 108, 109, 110, 111, 112, 114, 116, 117, 118, 119, 120, 121, 122, 123, 124, 125, 126, 127, 128, 129, 130], "excluded_lines": []}, "": {"executed_lines": [], "summary": {"covered_lines": 0, "num_statements": 11, "percent_covered": 0.0, "percent_covered_display": "0", "missing_lines": 11, "excluded_lines": 0}, "missing_lines": [1, 2, 4, 5, 6, 9, 10, 11, 12, 14, 17], "excluded_lines": []}}, "classes": {"": {"executed_lines": [], "summary": {"covered_lines": 0, "num_statements": 73, "percent_covered": 0.0, "percent_covered_display": "0", "missing_lines": 73, "excluded_lines": 0}, "missing_lines": [1, 2, 4, 5, 6, 9, 10, 11, 12, 14, 17, 25, 29, 36, 37, 38, 40, 41, 42, 43, 46, 47, 48, 49, 53, 54, 57, 59, 60, 61, 69, 71, 74, 77, 78, 79, 80, 81, 83, 86, 87, 89, 90, 91, 92, 94, 95, 98, 99, 100, 106, 107, 108, 109, 110, 111, 112, 114, 116, 117, 118, 119, 120, 121, 122, 123, 124, 125, 126, 127, 128, 129, 130], "excluded_lines": []}}}, "custom_components/satcom_forecast/forecast_parser.py": {"executed_lines": [1, 2, 3, 5, 8, 40, 62, 65, 72, 73, 74, 75, 76, 77, 82, 85, 88, 90, 93, 94, 96, 98, 99, 100, 104, 106, 111, 112, 113, 114, 130, 131, 133, 136, 137, 141, 142, 143, 146, 149, 151, 152, 155, 157, 158, 159, 160, 162, 163, 164, 181, 182, 184, 187, 200, 201, 204, 206, 210, 213, 214, 217, 219, 220, 222, 229, 230, 231, 235, 240, 241, 242, 243, 246, 247, 250, 253, 254, 256, 260, 261, 263, 265, 267, 268, 269, 272, 273, 274, 276, 277, 284, 285, 287, 290, 291, 292, 294, 295, 300, 307, 308, 310, 311, 316, 317, 322, 331, 332, 337, 338, 339, 340, 341, 343, 344, 345, 361, 363, 366, 374, 375, 376, 377, 378, 379, 380, 381, 382, 393, 396, 398, 399, 400, 401, 403, 404, 405, 407, 410, 412, 430, 433, 436, 443, 444, 445, 446, 447, 450, 454, 455, 457, 458, 460, 461, 464, 466, 467, 468, 469, 472, 484, 485, 501, 502, 503, 504, 505, 506, 509, 510, 512, 513, 515, 517, 518, 519, 520, 522, 525, 526, 529, 532, 540, 541, 545, 550, 551, 556, 562, 563, 566, 570, 577, 578, 579, 580, 581, 582, 583, 584, 586, 589, 590, 593, 594, 595, 599, 600, 606, 620, 621, 624, 627, 634, 635, 636, 639, 674, 686, 688, 689, 690, 691, 692, 693, 694, 695, 696, 697, 698, 699, 700, 701, 702, 703, 704, 705, 706, 707, 708, 709, 710, 714, 716, 719, 728, 736, 737, 738, 739, 740, 742, 743, 744, 745, 746, 748, 750, 753, 765, 766, 768, 771, 772, 773, 785, 786, 787, 788, 789, 790, 791, 792, 817, 828, 829, 830, 831, 832, 833, 834, 835, 836, 837, 838, 839, 849, 851, 854, 856, 858, 862, 865, 866, 869, 871, 872, 874, 881, 882, 883, 887, 892, 893, 894, 895, 898, 899, 902, 905, 906, 908, 909, 912, 913, 914, 915, 917, 919, 920, 921, 924, 925, 936, 943, 952, 959, 968, 983, 984, 990, 992, 993, 1013, 1015, 1036, 1037, 1053, 1054, 1055, 1056, 1059, 1060, 1062, 1063, 1065, 1066, 1068, 1071, 1072, 1074, 1077, 1078, 1081, 1083, 1085, 1086, 1088, 1090, 1093, 1094, 1096, 1097, 1099, 1100, 1103, 1104, 1105, 1106, 1110, 1111, 1112, 1113, 1115, 1119, 1120, 1122, 1128, 1129, 1130, 1131, 1134, 1136, 1139, 1142, 1145, 1174], "summary": {"covered_lines": 389, "num_statements": 641, "percent_covered": 60.68642745709828, "percent_covered_display": "61", "missing_lines": 252, "excluded_lines": 0}, "missing_lines": [79, 80, 101, 134, 139, 189, 191, 192, 193, 195, 196, 198, 232, 257, 262, 264, 266, 270, 275, 278, 279, 280, 281, 283, 286, 288, 293, 296, 297, 299, 301, 302, 303, 304, 306, 309, 312, 313, 315, 323, 324, 325, 326, 327, 328, 330, 346, 347, 348, 357, 358, 383, 384, 385, 386, 387, 388, 389, 390, 391, 448, 449, 451, 452, 459, 516, 567, 604, 615, 616, 617, 712, 793, 795, 796, 797, 798, 799, 800, 801, 802, 803, 804, 805, 806, 807, 808, 809, 810, 811, 812, 813, 814, 840, 841, 842, 843, 844, 845, 846, 847, 850, 852, 884, 916, 918, 922, 926, 927, 928, 929, 930, 931, 932, 933, 935, 937, 938, 939, 940, 942, 944, 945, 946, 947, 948, 949, 951, 953, 954, 955, 956, 958, 960, 961, 962, 963, 964, 965, 967, 969, 974, 975, 976, 977, 978, 979, 980, 982, 989, 991, 995, 996, 997, 998, 999, 1000, 1009, 1010, 1116, 1124, 1125, 1137, 1155, 1159, 1161, 1162, 1163, 1164, 1166, 1167, 1168, 1170, 1171, 1187, 1190, 1193, 1194, 1195, 1196, 1197, 1198, 1200, 1201, 1204, 1205, 1206, 1207, 1208, 1209, 1210, 1212, 1213, 1218, 1219, 1221, 1223, 1224, 1225, 1227, 1228, 1231, 1233, 1234, 1235, 1236, 1237, 1238, 1239, 1240, 1241, 1242, 1243, 1244, 1245, 1246, 1247, 1248, 1251, 1252, 1254, 1255, 1256, 1261, 1262, 1265, 1266, 1267, 1268, 1271, 1272, 1275, 1277, 1279, 1280, 1281, 1283, 1286, 1287, 1290, 1291, 1293, 1296, 1297, 1299, 1302, 1304, 1305, 1308, 1310, 1314, 1317], "excluded_lines": [], "functions": {"format_forecast": {"executed_lines": [65, 72, 73, 74, 75, 76, 77, 82, 85], "summary": {"covered_lines": 9, "num_statements": 11, "percent_covered": 81.81818181818181, "percent_covered_display": "82", "missing_lines": 2, "excluded_lines": 0}, "missing_lines": [79, 80], "excluded_lines": []}, "clean_forecast_text": {"executed_lines": [90, 93, 94, 96, 98, 99, 100, 104, 106, 111, 112, 113, 114, 130, 131, 133, 136, 137, 141, 142, 143], "summary": {"covered_lines": 21, "num_statements": 24, "percent_covered": 87.5, "percent_covered_display": "88", "missing_lines": 3, "excluded_lines": 0}, "missing_lines": [101, 134, 139], "excluded_lines": []}, "normalize_spaces": {"executed_lines": [149, 151, 152], "summary": {"covered_lines": 3, "num_statements": 3, "percent_covered": 100.0, "percent_covered_display": "100", "missing_lines": 0, "excluded_lines": 0}, "missing_lines": [], "excluded_lines": []}, "format_full_forecast": {"executed_lines": [157, 158, 159, 160, 162, 163, 164, 181, 182, 184, 187, 200, 201], "summary": {"covered_lines": 13, "num_statements": 20, "percent_covered": 65.0, "percent_covered_display": "65", "missing_lines": 7, "excluded_lines": 0}, "missing_lines": [189, 191, 192, 193, 195, 196, 198], "excluded_lines": []}, "infer_chance": {"executed_lines": [206, 210, 213, 214, 217, 219, 220, 222, 229, 230, 231, 235, 240, 241, 242, 243, 246, 247, 250, 253, 254, 256, 260, 261, 263, 265, 267, 268, 269, 272, 273, 274, 276, 277, 284, 285, 287, 290, 291, 292, 294, 295, 300, 307, 308, 310, 311, 316, 317, 322, 331, 332, 337, 338, 339, 340, 341, 343, 344, 345], "summary": {"covered_lines": 60, "num_statements": 99, "percent_covered": 60.60606060606061, "percent_covered_display": "61", "missing_lines": 39, "excluded_lines": 0}, "missing_lines": [232, 257, 262, 264, 266, 270, 275, 278, 279, 280, 281, 283, 286, 288, 293, 296, 297, 299, 301, 302, 303, 304, 306, 309, 312, 313, 315, 323, 324, 325, 326, 327, 328, 330, 346, 347, 348, 357, 358], "excluded_lines": []}, "check_significant_wind": {"executed_lines": [363, 366, 374, 375, 376, 377, 378, 379, 380, 381, 382, 393], "summary": {"covered_lines": 12, "num_statements": 21, "percent_covered": 57.142857142857146, "percent_covered_display": "57", "missing_lines": 9, "excluded_lines": 0}, "missing_lines": [383, 384, 385, 386, 387, 388, 389, 390, 391], "excluded_lines": []}, "extract_temperature_info": {"executed_lines": [398, 399, 400, 401, 403, 404, 405, 407], "summary": {"covered_lines": 8, "num_statements": 8, "percent_covered": 100.0, "percent_covered_display": "100", "missing_lines": 0, "excluded_lines": 0}, "missing_lines": [], "excluded_lines": []}, "get_abbr": {"executed_lines": [412, 430], "summary": {"covered_lines": 2, "num_statements": 2, "percent_covered": 100.0, "percent_covered_display": "100", "missing_lines": 0, "excluded_lines": 0}, "missing_lines": [], "excluded_lines": []}, "extract_wind_info": {"executed_lines": [436, 443, 444, 445, 446, 447, 450, 454, 455, 457, 458, 460, 461], "summary": {"covered_lines": 13, "num_statements": 18, "percent_covered": 72.22222222222223, "percent_covered_display": "72", "missing_lines": 5, "excluded_lines": 0}, "missing_lines": [448, 449, 451, 452, 459], "excluded_lines": []}, "format_compact_forecast": {"executed_lines": [466, 467, 468, 469, 472, 484, 485, 501, 502, 503, 504, 505, 506, 509, 510, 512, 513, 515, 517, 518, 519, 520, 522, 525, 526, 529, 532, 540, 541, 545, 550, 551, 556, 562, 563, 566, 570, 577, 578, 579, 580, 581, 582, 583, 584, 586, 589, 590, 593, 594, 595, 599, 600, 606, 620, 621, 624], "summary": {"covered_lines": 57, "num_statements": 63, "percent_covered": 90.47619047619048, "percent_covered_display": "90", "missing_lines": 6, "excluded_lines": 0}, "missing_lines": [516, 567, 604, 615, 616, 617], "excluded_lines": []}, "summarize_forecast": {"executed_lines": [634, 635, 636, 639, 674, 686, 714, 750, 856, 1013, 1015, 1036, 1037, 1053, 1054, 1055, 1056, 1059, 1060, 1062, 1063, 1065, 1066, 1068, 1071, 1072, 1074, 1077, 1078, 1081, 1083, 1085, 1086, 1088, 1090, 1093, 1094, 1096, 1097, 1099, 1100, 1103, 1104, 1105, 1106, 1110, 1111, 1112, 1113, 1115, 1119, 1120, 1122, 1128, 1129, 1130, 1131, 1134, 1136, 1139, 1142], "summary": {"covered_lines": 61, "num_statements": 65, "percent_covered": 93.84615384615384, "percent_covered_display": "94", "missing_lines": 4, "excluded_lines": 0}, "missing_lines": [1116, 1124, 1125, 1137], "excluded_lines": []}, "summarize_forecast.short_period": {"executed_lines": [688, 689, 690, 691, 692, 693, 694, 695, 696, 697, 698, 699, 700, 701, 702, 703, 704, 705, 706, 707, 708, 709, 710], "summary": {"covered_lines": 23, "num_statements": 24, "percent_covered": 95.83333333333333, "percent_covered_display": "96", "missing_lines": 1, "excluded_lines": 0}, "missing_lines": [712], "excluded_lines": []}, "summarize_forecast.extract_temperature_info": {"executed_lines": [716, 719, 728, 736, 737, 738, 739, 740, 742, 743, 744, 745, 746, 748], "summary": {"covered_lines": 14, "num_statements": 14, "percent_covered": 100.0, "percent_covered_display": "100", "missing_lines": 0, "excluded_lines": 0}, "missing_lines": [], "excluded_lines": []}, "summarize_forecast.extract_wind_info": {"executed_lines": [753, 765, 768, 771, 772, 773, 785, 786, 787, 788, 789, 790, 791, 792, 817, 828, 829, 830, 831, 832, 833, 834, 835, 836, 837, 838, 839, 849, 851, 854], "summary": {"covered_lines": 30, "num_statements": 61, "percent_covered": 49.18032786885246, "percent_covered_display": "49", "missing_lines": 31, "excluded_lines": 0}, "missing_lines": [793, 795, 796, 797, 798, 799, 800, 801, 802, 803, 804, 805, 806, 807, 808, 809, 810, 811, 812, 813, 814, 840, 841, 842, 843, 844, 845, 846, 847, 850, 852], "excluded_lines": []}, "summarize_forecast.extract_wind_info.get_abbr": {"executed_lines": [766], "summary": {"covered_lines": 1, "num_statements": 1, "percent_covered": 100.0, "percent_covered_display": "100", "missing_lines": 0, "excluded_lines": 0}, "missing_lines": [], "excluded_lines": []}, "summarize_forecast.infer_chance": {"executed_lines": [858, 862, 865, 866, 869, 871, 872, 874, 881, 882, 883, 887, 892, 893, 894, 895, 898, 899, 902, 905, 906, 908, 909, 912, 913, 914, 915, 917, 919, 920, 921, 924, 925, 936, 943, 952, 959, 968, 983, 984, 990, 992, 993], "summary": {"covered_lines": 43, "num_statements": 99, "percent_covered": 43.43434343434343, "percent_covered_display": "43", "missing_lines": 56, "excluded_lines": 0}, "missing_lines": [884, 916, 918, 922, 926, 927, 928, 929, 930, 931, 932, 933, 935, 937, 938, 939, 940, 942, 944, 945, 946, 947, 948, 949, 951, 953, 954, 955, 956, 958, 960, 961, 962, 963, 964, 965, 967, 969, 974, 975, 976, 977, 978, 979, 980, 982, 989, 991, 995, 996, 997, 998, 999, 1000, 1009, 1010], "excluded_lines": []}, "get_email_body_from_subject": {"executed_lines": [], "summary": {"covered_lines": 0, "num_statements": 11, "percent_covered": 0.0, "percent_covered_display": "0", "missing_lines": 11, "excluded_lines": 0}, "missing_lines": [1155, 1159, 1161, 1162, 1163, 1164, 1166, 1167, 1168, 1170, 1171], "excluded_lines": []}, "parse_forecast_periods": {"executed_lines": [], "summary": {"covered_lines": 0, "num_statements": 78, "percent_covered": 0.0, "percent_covered_display": "0", "missing_lines": 78, "excluded_lines": 0}, "missing_lines": [1187, 1190, 1193, 1194, 1195, 1196, 1197, 1198, 1200, 1201, 1204, 1205, 1206, 1207, 1208, 1209, 1210, 1212, 1213, 1218, 1219, 1221, 1223, 1224, 1225, 1227, 1228, 1231, 1233, 1234, 1235, 1236, 1237, 1238, 1239, 1240, 1241, 1242, 1243, 1244, 1245, 1246, 1247, 1248, 1251, 1252, 1254, 1255, 1256, 1261, 1262, 1265, 1266, 1267, 1268, 1271, 1272, 1275, 1277, 1279, 1280, 1281, 1283, 1286, 1287, 1290, 1291, 1293, 1296, 1297, 1299, 1302, 1304, 1305, 1308, 1310, 1314, 1317], "excluded_lines": []}, "": {"executed_lines": [1, 2, 3, 5, 8, 40, 62, 88, 146, 155, 204, 361, 396, 410, 433, 464, 627, 1145, 1174], "summary": {"covered_lines": 19, "num_statements": 19, "percent_covered": 100.0, "percent_covered_display": "100", "missing_lines": 0, "excluded_lines": 0}, "missing_lines": [], "excluded_lines": []}}, "classes": {"": {"executed_lines": [1, 2, 3, 5, 8, 40, 62, 65, 72, 73, 74, 75, 76, 77, 82, 85, 88, 90, 93, 94, 96, 98, 99, 100, 104, 106, 111, 112, 113, 114, 130, 131, 133, 136, 137, 141, 142, 143, 146, 149, 151, 152, 155, 157, 158, 159, 160, 162, 163, 164, 181, 182, 184, 187, 200, 201, 204, 206, 210, 213, 214, 217, 219, 220, 222, 229, 230, 231, 235, 240, 241, 242, 243, 246, 247, 250, 253, 254, 256, 260, 261, 263, 265, 267, 268, 269, 272, 273, 274, 276, 277, 284, 285, 287, 290, 291, 292, 294, 295, 300, 307, 308, 310, 311, 316, 317, 322, 331, 332, 337, 338, 339, 340, 341, 343, 344, 345, 361, 363, 366, 374, 375, 376, 377, 378, 379, 380, 381, 382, 393, 396, 398, 399, 400, 401, 403, 404, 405, 407, 410, 412, 430, 433, 436, 443, 444, 445, 446, 447, 450, 454, 455, 457, 458, 460, 461, 464, 466, 467, 468, 469, 472, 484, 485, 501, 502, 503, 504, 505, 506, 509, 510, 512, 513, 515, 517, 518, 519, 520, 522, 525, 526, 529, 532, 540, 541, 545, 550, 551, 556, 562, 563, 566, 570, 577, 578, 579, 580, 581, 582, 583, 584, 586, 589, 590, 593, 594, 595, 599, 600, 606, 620, 621, 624, 627, 634, 635, 636, 639, 674, 686, 688, 689, 690, 691, 692, 693, 694, 695, 696, 697, 698, 699, 700, 701, 702, 703, 704, 705, 706, 707, 708, 709, 710, 714, 716, 719, 728, 736, 737, 738, 739, 740, 742, 743, 744, 745, 746, 748, 750, 753, 765, 766, 768, 771, 772, 773, 785, 786, 787, 788, 789, 790, 791, 792, 817, 828, 829, 830, 831, 832, 833, 834, 835, 836, 837, 838, 839, 849, 851, 854, 856, 858, 862, 865, 866, 869, 871, 872, 874, 881, 882, 883, 887, 892, 893, 894, 895, 898, 899, 902, 905, 906, 908, 909, 912, 913, 914, 915, 917, 919, 920, 921, 924, 925, 936, 943, 952, 959, 968, 983, 984, 990, 992, 993, 1013, 1015, 1036, 1037, 1053, 1054, 1055, 1056, 1059, 1060, 1062, 1063, 1065, 1066, 1068, 1071, 1072, 1074, 1077, 1078, 1081, 1083, 1085, 1086, 1088, 1090, 1093, 1094, 1096, 1097, 1099, 1100, 1103, 1104, 1105, 1106, 1110, 1111, 1112, 1113, 1115, 1119, 1120, 1122, 1128, 1129, 1130, 1131, 1134, 1136, 1139, 1142, 1145, 1174], "summary": {"covered_lines": 389, "num_statements": 641, "percent_covered": 60.68642745709828, "percent_covered_display": "61", "missing_lines": 252, "excluded_lines": 0}, "missing_lines": [79, 80, 101, 134, 139, 189, 191, 192, 193, 195, 196, 198, 232, 257, 262, 264, 266, 270, 275, 278, 279, 280, 281, 283, 286, 288, 293, 296, 297, 299, 301, 302, 303, 304, 306, 309, 312, 313, 315, 323, 324, 325, 326, 327, 328, 330, 346, 347, 348, 357, 358, 383, 384, 385, 386, 387, 388, 389, 390, 391, 448, 449, 451, 452, 459, 516, 567, 604, 615, 616, 617, 712, 793, 795, 796, 797, 798, 799, 800, 801, 802, 803, 804, 805, 806, 807, 808, 809, 810, 811, 812, 813, 814, 840, 841, 842, 843, 844, 845, 846, 847, 850, 852, 884, 916, 918, 922, 926, 927, 928, 929, 930, 931, 932, 933, 935, 937, 938, 939, 940, 942, 944, 945, 946, 947, 948, 949, 951, 953, 954, 955, 956, 958, 960, 961, 962, 963, 964, 965, 967, 969, 974, 975, 976, 977, 978, 979, 980, 982, 989, 991, 995, 996, 997, 998, 999, 1000, 1009, 1010, 1116, 1124, 1125, 1137, 1155, 1159, 1161, 1162, 1163, 1164, 1166, 1167, 1168, 1170, 1171, 1187, 1190, 1193, 1194, 1195, 1196, 1197, 1198, 1200, 1201, 1204, 1205, 1206, 1207, 1208, 1209, 1210, 1212, 1213, 1218, 1219, 1221, 1223, 1224, 1225, 1227, 1228, 1231, 1233, 1234, 1235, 1236, 1237, 1238, 1239, 1240, 1241, 1242, 1243, 1244, 1245, 1246, 1247, 1248, 1251, 1252, 1254, 1255, 1256, 1261, 1262, 1265, 1266, 1267, 1268, 1271, 1272, 1275, 1277, 1279, 1280, 1281, 1283, 1286, 1287, 1290, 1291, 1293, 1296, 1297, 1299, 1302, 1304, 1305, 1308, 1310, 1314, 1317], "excluded_lines": []}}}, "custom_components/satcom_forecast/imap_handler.py": {"executed_lines": [], "summary": {"covered_lines": 0, "num_statements": 150, "percent_covered": 0.0, "percent_covered_display": "0", "missing_lines": 150, "excluded_lines": 5}, "missing_lines": [1, 3, 4, 5, 6, 7, 8, 9, 10, 12, 15, 23, 32, 34, 43, 45, 46, 47, 50, 60, 61, 63, 64, 65, 66, 67, 68, 71, 72, 73, 75, 78, 79, 81, 82, 83, 86, 87, 88, 89, 90, 91, 92, 93, 95, 97, 102, 104, 106, 107, 108, 111, 112, 113, 114, 115, 116, 117, 119, 122, 123, 124, 125, 126, 127, 128, 130, 131, 133, 134, 135, 137, 138, 139, 140, 142, 143, 144, 146, 147, 148, 149, 151, 152, 153, 154, 156, 157, 158, 159, 160, 161, 162, 164, 165, 167, 169, 170, 171, 173, 176, 177, 178, 180, 182, 183, 184, 185, 187, 197, 199, 200, 201, 202, 203, 205, 207, 208, 210, 211, 212, 214, 215, 216, 217, 218, 219, 220, 223, 236, 237, 238, 243, 244, 246, 247, 249, 250, 251, 253, 254, 256, 257, 260, 270, 271, 274, 275, 278, 279], "excluded_lines": [280, 281, 282, 283, 285], "functions": {"check_imap_for_gps": {"executed_lines": [], "summary": {"covered_lines": 0, "num_statements": 7, "percent_covered": 0.0, "percent_covered_display": "0", "missing_lines": 7, "excluded_lines": 0}, "missing_lines": [23, 32, 34, 43, 45, 46, 47], "excluded_lines": []}, "_check_imap_sync": {"executed_lines": [], "summary": {"covered_lines": 0, "num_statements": 109, "percent_covered": 0.0, "percent_covered_display": "0", "missing_lines": 109, "excluded_lines": 0}, "missing_lines": [60, 61, 63, 64, 65, 66, 67, 68, 71, 72, 73, 75, 78, 79, 81, 82, 83, 86, 87, 88, 89, 90, 91, 92, 93, 95, 97, 102, 104, 106, 107, 108, 111, 112, 113, 114, 115, 116, 117, 119, 122, 123, 124, 125, 126, 127, 128, 130, 131, 133, 134, 135, 137, 138, 139, 140, 142, 143, 144, 146, 147, 148, 149, 151, 152, 153, 154, 156, 157, 158, 159, 160, 161, 162, 164, 165, 167, 169, 170, 171, 173, 176, 177, 178, 180, 182, 183, 184, 185, 187, 197, 199, 200, 201, 202, 203, 205, 207, 208, 210, 211, 212, 214, 215, 216, 217, 218, 219, 220], "excluded_lines": []}, "extract_days_override": {"executed_lines": [], "summary": {"covered_lines": 0, "num_statements": 14, "percent_covered": 0.0, "percent_covered_display": "0", "missing_lines": 14, "excluded_lines": 0}, "missing_lines": [236, 237, 238, 243, 244, 246, 247, 249, 250, 251, 253, 254, 256, 257], "excluded_lines": []}, "_safe_decode_payload": {"executed_lines": [], "summary": {"covered_lines": 0, "num_statements": 6, "percent_covered": 0.0, "percent_covered_display": "0", "missing_lines": 6, "excluded_lines": 5}, "missing_lines": [270, 271, 274, 275, 278, 279], "excluded_lines": [280, 281, 282, 283, 285]}, "": {"executed_lines": [], "summary": {"covered_lines": 0, "num_statements": 14, "percent_covered": 0.0, "percent_covered_display": "0", "missing_lines": 14, "excluded_lines": 0}, "missing_lines": [1, 3, 4, 5, 6, 7, 8, 9, 10, 12, 15, 50, 223, 260], "excluded_lines": []}}, "classes": {"": {"executed_lines": [], "summary": {"covered_lines": 0, "num_statements": 150, "percent_covered": 0.0, "percent_covered_display": "0", "missing_lines": 150, "excluded_lines": 5}, "missing_lines": [1, 3, 4, 5, 6, 7, 8, 9, 10, 12, 15, 23, 32, 34, 43, 45, 46, 47, 50, 60, 61, 63, 64, 65, 66, 67, 68, 71, 72, 73, 75, 78, 79, 81, 82, 83, 86, 87, 88, 89, 90, 91, 92, 93, 95, 97, 102, 104, 106, 107, 108, 111, 112, 113, 114, 115, 116, 117, 119, 122, 123, 124, 125, 126, 127, 128, 130, 131, 133, 134, 135, 137, 138, 139, 140, 142, 143, 144, 146, 147, 148, 149, 151, 152, 153, 154, 156, 157, 158, 159, 160, 161, 162, 164, 165, 167, 169, 170, 171, 173, 176, 177, 178, 180, 182, 183, 184, 185, 187, 197, 199, 200, 201, 202, 203, 205, 207, 208, 210, 211, 212, 214, 215, 216, 217, 218, 219, 220, 223, 236, 237, 238, 243, 244, 246, 247, 249, 250, 251, 253, 254, 256, 257, 260, 270, 271, 274, 275, 278, 279], "excluded_lines": [280, 281, 282, 283, 285]}}}, "custom_components/satcom_forecast/notifier.py": {"executed_lines": [], "summary": {"covered_lines": 0, "num_statements": 41, "percent_covered": 0.0, "percent_covered_display": "0", "missing_lines": 41, "excluded_lines": 0}, "missing_lines": [1, 2, 3, 4, 6, 9, 18, 26, 28, 30, 41, 42, 43, 45, 46, 47, 54, 57, 61, 62, 63, 64, 65, 66, 67, 69, 70, 71, 73, 74, 75, 77, 78, 79, 81, 82, 83, 85, 87, 88, 89], "excluded_lines": [], "functions": {"send_forecast_email": {"executed_lines": [], "summary": {"covered_lines": 0, "num_statements": 11, "percent_covered": 0.0, "percent_covered_display": "0", "missing_lines": 11, "excluded_lines": 0}, "missing_lines": [18, 26, 28, 30, 41, 42, 43, 45, 46, 47, 54], "excluded_lines": []}, "_send_email_sync": {"executed_lines": [], "summary": {"covered_lines": 0, "num_statements": 23, "percent_covered": 0.0, "percent_covered_display": "0", "missing_lines": 23, "excluded_lines": 0}, "missing_lines": [61, 62, 63, 64, 65, 66, 67, 69, 70, 71, 73, 74, 75, 77, 78, 79, 81, 82, 83, 85, 87, 88, 89], "excluded_lines": []}, "": {"executed_lines": [], "summary": {"covered_lines": 0, "num_statements": 7, "percent_covered": 0.0, "percent_covered_display": "0", "missing_lines": 7, "excluded_lines": 0}, "missing_lines": [1, 2, 3, 4, 6, 9, 57], "excluded_lines": []}}, "classes": {"": {"executed_lines": [], "summary": {"covered_lines": 0, "num_statements": 41, "percent_covered": 0.0, "percent_covered_display": "0", "missing_lines": 41, "excluded_lines": 0}, "missing_lines": [1, 2, 3, 4, 6, 9, 18, 26, 28, 30, 41, 42, 43, 45, 46, 47, 54, 57, 61, 62, 63, 64, 65, 66, 67, 69, 70, 71, 73, 74, 75, 77, 78, 79, 81, 82, 83, 85, 87, 88, 89], "excluded_lines": []}}}, "custom_components/satcom_forecast/sensor.py": {"executed_lines": [], "summary": {"covered_lines": 0, "num_statements": 20, "percent_covered": 0.0, "percent_covered_display": "0", "missing_lines": 20, "excluded_lines": 0}, "missing_lines": [1, 3, 4, 5, 6, 8, 11, 16, 17, 24, 27, 28, 35, 36, 37, 38, 39, 41, 42, 43], "excluded_lines": [], "functions": {"async_setup_entry": {"executed_lines": [], "summary": {"covered_lines": 0, "num_statements": 3, "percent_covered": 0.0, "percent_covered_display": "0", "missing_lines": 3, "excluded_lines": 0}, "missing_lines": [16, 17, 24], "excluded_lines": []}, "SatcomSensor.__init__": {"executed_lines": [], "summary": {"covered_lines": 0, "num_statements": 5, "percent_covered": 0.0, "percent_covered_display": "0", "missing_lines": 5, "excluded_lines": 0}, "missing_lines": [35, 36, 37, 38, 39], "excluded_lines": []}, "SatcomSensor.state": {"executed_lines": [], "summary": {"covered_lines": 0, "num_statements": 1, "percent_covered": 0.0, "percent_covered_display": "0", "missing_lines": 1, "excluded_lines": 0}, "missing_lines": [43], "excluded_lines": []}, "": {"executed_lines": [], "summary": {"covered_lines": 0, "num_statements": 11, "percent_covered": 0.0, "percent_covered_display": "0", "missing_lines": 11, "excluded_lines": 0}, "missing_lines": [1, 3, 4, 5, 6, 8, 11, 27, 28, 41, 42], "excluded_lines": []}}, "classes": {"SatcomSensor": {"executed_lines": [], "summary": {"covered_lines": 0, "num_statements": 6, "percent_covered": 0.0, "percent_covered_display": "0", "missing_lines": 6, "excluded_lines": 0}, "missing_lines": [35, 36, 37, 38, 39, 43], "excluded_lines": []}, "": {"executed_lines": [], "summary": {"covered_lines": 0, "num_statements": 14, "percent_covered": 0.0, "percent_covered_display": "0", "missing_lines": 14, "excluded_lines": 0}, "missing_lines": [1, 3, 4, 5, 6, 8, 11, 16, 17, 24, 27, 28, 41, 42], "excluded_lines": []}}}, "custom_components/satcom_forecast/split_util.py": {"executed_lines": [1, 2, 3, 5, 8, 9, 12, 15, 21, 22, 27, 28, 29, 30, 31, 32, 34, 36, 39, 41, 44, 45, 48, 49, 52, 53, 54, 55, 56, 57, 59, 75, 76, 79, 91, 94, 118, 120, 121, 122, 125, 127, 128, 129, 130, 133, 134, 136, 138, 139, 142, 145, 147, 148, 149, 150, 151, 153, 154, 155, 156, 157, 158, 161, 162, 165, 167, 168, 169, 170, 173, 174, 178, 179, 193, 194, 201, 202, 204, 207, 209, 210, 213, 218, 220, 222, 223, 226, 227, 228, 229, 230, 233, 234, 237, 238, 239, 242, 244, 247, 251, 255, 256, 257, 259, 260, 262, 263, 264, 266, 268, 269, 272, 275, 276, 279, 282, 285, 314, 342, 345, 347, 348, 349, 352, 354, 355, 356, 360, 361, 363, 365, 366, 369, 370, 372, 373, 374, 375, 376, 378, 379, 380, 381, 382, 383, 386, 387, 390, 392, 393, 394, 395, 426, 427, 429], "summary": {"covered_lines": 156, "num_statements": 246, "percent_covered": 63.41463414634146, "percent_covered_display": "63", "missing_lines": 90, "excluded_lines": 0}, "missing_lines": [61, 62, 63, 64, 65, 66, 67, 68, 69, 71, 72, 73, 74, 81, 82, 83, 84, 85, 86, 87, 88, 89, 90, 98, 101, 103, 105, 107, 110, 113, 115, 180, 182, 183, 184, 185, 186, 189, 190, 197, 198, 216, 252, 273, 280, 287, 288, 290, 291, 293, 294, 295, 296, 299, 301, 302, 303, 304, 307, 308, 309, 311, 316, 317, 320, 328, 329, 330, 332, 335, 336, 337, 339, 357, 398, 399, 403, 404, 405, 407, 408, 409, 410, 411, 414, 415, 418, 419, 422, 423], "excluded_lines": [], "functions": {"split_message": {"executed_lines": [21, 22, 27, 28, 29, 30, 31, 32, 34, 36, 39, 41, 44, 45, 48, 49, 52, 53, 54, 55, 56, 57, 59, 75, 76, 79, 91], "summary": {"covered_lines": 27, "num_statements": 50, "percent_covered": 54.0, "percent_covered_display": "54", "missing_lines": 23, "excluded_lines": 0}, "missing_lines": [61, 62, 63, 64, 65, 66, 67, 68, 69, 71, 72, 73, 74, 81, 82, 83, 84, 85, 86, 87, 88, 89, 90], "excluded_lines": []}, "smart_split_text": {"executed_lines": [], "summary": {"covered_lines": 0, "num_statements": 8, "percent_covered": 0.0, "percent_covered_display": "0", "missing_lines": 8, "excluded_lines": 0}, "missing_lines": [98, 101, 103, 105, 107, 110, 113, 115], "excluded_lines": []}, "split_multiline_text": {"executed_lines": [120, 121, 122, 125, 127, 128, 129, 130, 133, 134, 136, 138, 139, 142, 145, 147, 148, 149, 150, 151, 153, 154, 155, 156, 157, 158, 161, 162, 165, 167, 168, 169, 170, 173, 174, 178, 179, 193, 194, 201, 202, 204], "summary": {"covered_lines": 42, "num_statements": 52, "percent_covered": 80.76923076923077, "percent_covered_display": "81", "missing_lines": 10, "excluded_lines": 0}, "missing_lines": [180, 182, 183, 184, 185, 186, 189, 190, 197, 198], "excluded_lines": []}, "split_long_line_aggressively": {"executed_lines": [209, 210, 213, 218, 220, 222, 223, 226, 227, 228, 229, 230, 233, 234, 237, 238, 239, 242, 244], "summary": {"covered_lines": 19, "num_statements": 20, "percent_covered": 95.0, "percent_covered_display": "95", "missing_lines": 1, "excluded_lines": 0}, "missing_lines": [216], "excluded_lines": []}, "split_line_to_fill_space": {"executed_lines": [251, 255, 256, 257, 259, 260, 262, 263, 264, 266, 268, 269, 272, 275, 276, 279, 282], "summary": {"covered_lines": 17, "num_statements": 20, "percent_covered": 85.0, "percent_covered_display": "85", "missing_lines": 3, "excluded_lines": 0}, "missing_lines": [252, 273, 280], "excluded_lines": []}, "split_single_line_text": {"executed_lines": [], "summary": {"covered_lines": 0, "num_statements": 17, "percent_covered": 0.0, "percent_covered_display": "0", "missing_lines": 17, "excluded_lines": 0}, "missing_lines": [287, 288, 290, 291, 293, 294, 295, 296, 299, 301, 302, 303, 304, 307, 308, 309, 311], "excluded_lines": []}, "find_best_break_point": {"executed_lines": [], "summary": {"covered_lines": 0, "num_statements": 11, "percent_covered": 0.0, "percent_covered_display": "0", "missing_lines": 11, "excluded_lines": 0}, "missing_lines": [316, 317, 320, 328, 329, 330, 332, 335, 336, 337, 339], "excluded_lines": []}, "split_summary_format": {"executed_lines": [345, 347, 348, 349, 352, 354, 355, 356, 360, 361, 363, 365, 366, 369, 370, 372, 373, 374, 375, 376, 378, 379, 380, 381, 382, 383, 386, 387, 390, 392, 393, 394, 395, 426, 427, 429], "summary": {"covered_lines": 36, "num_statements": 53, "percent_covered": 67.9245283018868, "percent_covered_display": "68", "missing_lines": 17, "excluded_lines": 0}, "missing_lines": [357, 398, 399, 403, 404, 405, 407, 408, 409, 410, 411, 414, 415, 418, 419, 422, 423], "excluded_lines": []}, "": {"executed_lines": [1, 2, 3, 5, 8, 9, 12, 15, 94, 118, 207, 247, 285, 314, 342], "summary": {"covered_lines": 15, "num_statements": 15, "percent_covered": 100.0, "percent_covered_display": "100", "missing_lines": 0, "excluded_lines": 0}, "missing_lines": [], "excluded_lines": []}}, "classes": {"": {"executed_lines": [1, 2, 3, 5, 8, 9, 12, 15, 21, 22, 27, 28, 29, 30, 31, 32, 34, 36, 39, 41, 44, 45, 48, 49, 52, 53, 54, 55, 56, 57, 59, 75, 76, 79, 91, 94, 118, 120, 121, 122, 125, 127, 128, 129, 130, 133, 134, 136, 138, 139, 142, 145, 147, 148, 149, 150, 151, 153, 154, 155, 156, 157, 158, 161, 162, 165, 167, 168, 169, 170, 173, 174, 178, 179, 193, 194, 201, 202, 204, 207, 209, 210, 213, 218, 220, 222, 223, 226, 227, 228, 229, 230, 233, 234, 237, 238, 239, 242, 244, 247, 251, 255, 256, 257, 259, 260, 262, 263, 264, 266, 268, 269, 272, 275, 276, 279, 282, 285, 314, 342, 345, 347, 348, 349, 352, 354, 355, 356, 360, 361, 363, 365, 366, 369, 370, 372, 373, 374, 375, 376, 378, 379, 380, 381, 382, 383, 386, 387, 390, 392, 393, 394, 395, 426, 427, 429], "summary": {"covered_lines": 156, "num_statements": 246, "percent_covered": 63.41463414634146, "percent_covered_display": "63", "missing_lines": 90, "excluded_lines": 0}, "missing_lines": [61, 62, 63, 64, 65, 66, 67, 68, 69, 71, 72, 73, 74, 81, 82, 83, 84, 85, 86, 87, 88, 89, 90, 98, 101, 103, 105, 107, 110, 113, 115, 180, 182, 183, 184, 185, 186, 189, 190, 197, 198, 216, 252, 273, 280, 287, 288, 290, 291, 293, 294, 295, 296, 299, 301, 302, 303, 304, 307, 308, 309, 311, 316, 317, 320, 328, 329, 330, 332, 335, 336, 337, 339, 357, 398, 399, 403, 404, 405, 407, 408, 409, 410, 411, 414, 415, 418, 419, 422, 423], "excluded_lines": []}}}}, "totals": {"covered_lines": 547, "num_statements": 1455, "percent_covered": 37.59450171821306, "percent_covered_display": "38", "missing_lines": 908, "excluded_lines": 24}}